<?xml version="1.0" encoding="UTF-8"?>
<testng-results ignored="0" total="1" passed="1" failed="0" skipped="0">
  <reporter-output>
  </reporter-output>
  <suite started-at="2022-11-21T14:18:13 IST" name="Suite" finished-at="2022-11-21T14:19:06 IST" duration-ms="53312">
    <groups>
    </groups>
    <test started-at="2022-11-21T14:18:13 IST" name="Test" finished-at="2022-11-21T14:19:06 IST" duration-ms="53312">
      <class name="demo.ParameterDemo1">
        <test-method signature="login(java.lang.String,java.lang.String)[pri:0, instance:demo.ParameterDemo1@fba92d3]" started-at="2022-11-21T14:18:13 IST" name="login" finished-at="2022-11-21T14:19:06 IST" duration-ms="53185" status="PASS">
          <params>
            <param index="0">
              <value>
                <![CDATA[Admin]]>
              </value>
            </param>
            <param index="1">
              <value>
                <![CDATA[admin123]]>
              </value>
            </param>
          </params>
          <reporter-output>
          </reporter-output>
        </test-method> <!-- login -->
      </class> <!-- demo.ParameterDemo1 -->
    </test> <!-- Test -->
  </suite> <!-- Suite -->
</testng-results>
